
*** Running vivado
    with args -log data_ram.vds -m64 -product Vivado -mode batch -messageDb vivado.pb -notrace -source data_ram.tcl


****** Vivado v2019.2 (64-bit)
  **** SW Build 2708876 on Wed Nov  6 21:40:23 MST 2019
  **** IP Build 2700528 on Thu Nov  7 00:09:20 MST 2019
    ** Copyright 1986-2019 Xilinx, Inc. All Rights Reserved.

source data_ram.tcl -notrace
Command: synth_design -top data_ram -part xc7a200tfbg676-2 -mode out_of_context
Starting synth_design
Attempting to get a license for feature 'Synthesis' and/or device 'xc7a200t'
INFO: [Common 17-349] Got license for feature 'Synthesis' and/or device 'xc7a200t'
INFO: [Device 21-403] Loading part xc7a200tfbg676-2
INFO: Launching helper process for spawning children vivado processes
INFO: Helper process launched with PID 10976 
---------------------------------------------------------------------------------
Starting RTL Elaboration : Time (s): cpu = 00:00:13 ; elapsed = 00:00:15 . Memory (MB): peak = 898.812 ; gain = 235.070
---------------------------------------------------------------------------------
INFO: [Synth 8-638] synthesizing module 'data_ram' [d:/Vivado Install/multi_cycle_cpu/multi_cycle_cpu.srcs/sources_1/ip/data_ram/synth/data_ram.vhd:74]
	Parameter C_FAMILY bound to: artix7 - type: string 
	Parameter C_XDEVICEFAMILY bound to: artix7 - type: string 
	Parameter C_ELABORATION_DIR bound to: ./ - type: string 
	Parameter C_INTERFACE_TYPE bound to: 0 - type: integer 
	Parameter C_AXI_TYPE bound to: 1 - type: integer 
	Parameter C_AXI_SLAVE_TYPE bound to: 0 - type: integer 
	Parameter C_USE_BRAM_BLOCK bound to: 0 - type: integer 
	Parameter C_ENABLE_32BIT_ADDRESS bound to: 0 - type: integer 
	Parameter C_CTRL_ECC_ALGO bound to: NONE - type: string 
	Parameter C_HAS_AXI_ID bound to: 0 - type: integer 
	Parameter C_AXI_ID_WIDTH bound to: 4 - type: integer 
	Parameter C_MEM_TYPE bound to: 2 - type: integer 
	Parameter C_BYTE_SIZE bound to: 8 - type: integer 
	Parameter C_ALGORITHM bound to: 1 - type: integer 
	Parameter C_PRIM_TYPE bound to: 1 - type: integer 
	Parameter C_LOAD_INIT_FILE bound to: 0 - type: integer 
	Parameter C_INIT_FILE_NAME bound to: no_coe_file_loaded - type: string 
	Parameter C_INIT_FILE bound to: data_ram.mem - type: string 
	Parameter C_USE_DEFAULT_DATA bound to: 0 - type: integer 
	Parameter C_DEFAULT_DATA bound to: 0 - type: string 
	Parameter C_HAS_RSTA bound to: 0 - type: integer 
	Parameter C_RST_PRIORITY_A bound to: CE - type: string 
	Parameter C_RSTRAM_A bound to: 0 - type: integer 
	Parameter C_INITA_VAL bound to: 0 - type: string 
	Parameter C_HAS_ENA bound to: 0 - type: integer 
	Parameter C_HAS_REGCEA bound to: 0 - type: integer 
	Parameter C_USE_BYTE_WEA bound to: 1 - type: integer 
	Parameter C_WEA_WIDTH bound to: 4 - type: integer 
	Parameter C_WRITE_MODE_A bound to: WRITE_FIRST - type: string 
	Parameter C_WRITE_WIDTH_A bound to: 32 - type: integer 
	Parameter C_READ_WIDTH_A bound to: 32 - type: integer 
	Parameter C_WRITE_DEPTH_A bound to: 256 - type: integer 
	Parameter C_READ_DEPTH_A bound to: 256 - type: integer 
	Parameter C_ADDRA_WIDTH bound to: 8 - type: integer 
	Parameter C_HAS_RSTB bound to: 0 - type: integer 
	Parameter C_RST_PRIORITY_B bound to: CE - type: string 
	Parameter C_RSTRAM_B bound to: 0 - type: integer 
	Parameter C_INITB_VAL bound to: 0 - type: string 
	Parameter C_HAS_ENB bound to: 0 - type: integer 
	Parameter C_HAS_REGCEB bound to: 0 - type: integer 
	Parameter C_USE_BYTE_WEB bound to: 1 - type: integer 
	Parameter C_WEB_WIDTH bound to: 4 - type: integer 
	Parameter C_WRITE_MODE_B bound to: WRITE_FIRST - type: string 
	Parameter C_WRITE_WIDTH_B bound to: 32 - type: integer 
	Parameter C_READ_WIDTH_B bound to: 32 - type: integer 
	Parameter C_WRITE_DEPTH_B bound to: 256 - type: integer 
	Parameter C_READ_DEPTH_B bound to: 256 - type: integer 
	Parameter C_ADDRB_WIDTH bound to: 8 - type: integer 
	Parameter C_HAS_MEM_OUTPUT_REGS_A bound to: 1 - type: integer 
	Parameter C_HAS_MEM_OUTPUT_REGS_B bound to: 1 - type: integer 
	Parameter C_HAS_MUX_OUTPUT_REGS_A bound to: 0 - type: integer 
	Parameter C_HAS_MUX_OUTPUT_REGS_B bound to: 0 - type: integer 
	Parameter C_MUX_PIPELINE_STAGES bound to: 0 - type: integer 
	Parameter C_HAS_SOFTECC_INPUT_REGS_A bound to: 0 - type: integer 
	Parameter C_HAS_SOFTECC_OUTPUT_REGS_B bound to: 0 - type: integer 
	Parameter C_USE_SOFTECC bound to: 0 - type: integer 
	Parameter C_USE_ECC bound to: 0 - type: integer 
	Parameter C_EN_ECC_PIPE bound to: 0 - type: integer 
	Parameter C_READ_LATENCY_A bound to: 1 - type: integer 
	Parameter C_READ_LATENCY_B bound to: 1 - type: integer 
	Parameter C_HAS_INJECTERR bound to: 0 - type: integer 
	Parameter C_SIM_COLLISION_CHECK bound to: ALL - type: string 
	Parameter C_COMMON_CLK bound to: 0 - type: integer 
	Parameter C_DISABLE_WARN_BHV_COLL bound to: 0 - type: integer 
	Parameter C_EN_SLEEP_PIN bound to: 0 - type: integer 
	Parameter C_USE_URAM bound to: 0 - type: integer 
	Parameter C_EN_RDADDRA_CHG bound to: 0 - type: integer 
	Parameter C_EN_RDADDRB_CHG bound to: 0 - type: integer 
	Parameter C_EN_DEEPSLEEP_PIN bound to: 0 - type: integer 
	Parameter C_EN_SHUTDOWN_PIN bound to: 0 - type: integer 
	Parameter C_EN_SAFETY_CKT bound to: 0 - type: integer 
	Parameter C_DISABLE_WARN_BHV_RANGE bound to: 0 - type: integer 
	Parameter C_COUNT_36K_BRAM bound to: 1 - type: string 
	Parameter C_COUNT_18K_BRAM bound to: 0 - type: string 
	Parameter C_EST_POWER_SUMMARY bound to: Estimated Power for IP     :     5.9299 mW - type: string 
INFO: [Synth 8-3491] module 'blk_mem_gen_v8_4_4' declared at 'd:/Vivado Install/multi_cycle_cpu/multi_cycle_cpu.srcs/sources_1/ip/data_ram/hdl/blk_mem_gen_v8_4_vhsyn_rfs.vhd:195321' bound to instance 'U0' of component 'blk_mem_gen_v8_4_4' [d:/Vivado Install/multi_cycle_cpu/multi_cycle_cpu.srcs/sources_1/ip/data_ram/synth/data_ram.vhd:245]
INFO: [Synth 8-256] done synthesizing module 'data_ram' (9#1) [d:/Vivado Install/multi_cycle_cpu/multi_cycle_cpu.srcs/sources_1/ip/data_ram/synth/data_ram.vhd:74]
WARNING: [Synth 8-3331] design blk_mem_output_block has unconnected port CLKB
WARNING: [Synth 8-3331] design blk_mem_output_block has unconnected port SBITERR_I
WARNING: [Synth 8-3331] design blk_mem_output_block has unconnected port DBITERR_I
WARNING: [Synth 8-3331] design blk_mem_output_block has unconnected port RDADDRECC_I[7]
WARNING: [Synth 8-3331] design blk_mem_output_block has unconnected port RDADDRECC_I[6]
WARNING: [Synth 8-3331] design blk_mem_output_block has unconnected port RDADDRECC_I[5]
WARNING: [Synth 8-3331] design blk_mem_output_block has unconnected port RDADDRECC_I[4]
WARNING: [Synth 8-3331] design blk_mem_output_block has unconnected port RDADDRECC_I[3]
WARNING: [Synth 8-3331] design blk_mem_output_block has unconnected port RDADDRECC_I[2]
WARNING: [Synth 8-3331] design blk_mem_output_block has unconnected port RDADDRECC_I[1]
WARNING: [Synth 8-3331] design blk_mem_output_block has unconnected port RDADDRECC_I[0]
WARNING: [Synth 8-3331] design blk_mem_gen_prim_wrapper has unconnected port SBITERR
WARNING: [Synth 8-3331] design blk_mem_gen_prim_wrapper has unconnected port DBITERR
WARNING: [Synth 8-3331] design blk_mem_gen_prim_wrapper has unconnected port SSRA
WARNING: [Synth 8-3331] design blk_mem_gen_prim_wrapper has unconnected port SSRB
WARNING: [Synth 8-3331] design blk_mem_gen_prim_wrapper has unconnected port SLEEP
WARNING: [Synth 8-3331] design blk_mem_gen_prim_wrapper has unconnected port INJECTSBITERR
WARNING: [Synth 8-3331] design blk_mem_gen_prim_wrapper has unconnected port INJECTDBITERR
WARNING: [Synth 8-3331] design blk_mem_gen_prim_wrapper has unconnected port ECCPIPECE
WARNING: [Synth 8-3331] design blk_mem_gen_generic_cstr has unconnected port RSTA[0]
WARNING: [Synth 8-3331] design blk_mem_gen_generic_cstr has unconnected port RSTB[0]
WARNING: [Synth 8-3331] design blk_mem_gen_generic_cstr has unconnected port INJECTSBITERR
WARNING: [Synth 8-3331] design blk_mem_gen_generic_cstr has unconnected port INJECTDBITERR
WARNING: [Synth 8-3331] design blk_mem_input_block has unconnected port RSTA
WARNING: [Synth 8-3331] design blk_mem_input_block has unconnected port ENA
WARNING: [Synth 8-3331] design blk_mem_input_block has unconnected port REGCEA
WARNING: [Synth 8-3331] design blk_mem_input_block has unconnected port RSTB
WARNING: [Synth 8-3331] design blk_mem_input_block has unconnected port ENB
WARNING: [Synth 8-3331] design blk_mem_input_block has unconnected port REGCEB
WARNING: [Synth 8-3331] design blk_mem_input_block has unconnected port INJECTDBITERR
WARNING: [Synth 8-3331] design blk_mem_input_block has unconnected port INJECTSBITERR
WARNING: [Synth 8-3331] design blk_mem_gen_v8_4_4_synth has unconnected port S_AClk
WARNING: [Synth 8-3331] design blk_mem_gen_v8_4_4_synth has unconnected port S_ARESETN
WARNING: [Synth 8-3331] design blk_mem_gen_v8_4_4_synth has unconnected port S_AXI_AWID[3]
WARNING: [Synth 8-3331] design blk_mem_gen_v8_4_4_synth has unconnected port S_AXI_AWID[2]
WARNING: [Synth 8-3331] design blk_mem_gen_v8_4_4_synth has unconnected port S_AXI_AWID[1]
WARNING: [Synth 8-3331] design blk_mem_gen_v8_4_4_synth has unconnected port S_AXI_AWID[0]
WARNING: [Synth 8-3331] design blk_mem_gen_v8_4_4_synth has unconnected port S_AXI_AWADDR[31]
WARNING: [Synth 8-3331] design blk_mem_gen_v8_4_4_synth has unconnected port S_AXI_AWADDR[30]
WARNING: [Synth 8-3331] design blk_mem_gen_v8_4_4_synth has unconnected port S_AXI_AWADDR[29]
WARNING: [Synth 8-3331] design blk_mem_gen_v8_4_4_synth has unconnected port S_AXI_AWADDR[28]
WARNING: [Synth 8-3331] design blk_mem_gen_v8_4_4_synth has unconnected port S_AXI_AWADDR[27]
WARNING: [Synth 8-3331] design blk_mem_gen_v8_4_4_synth has unconnected port S_AXI_AWADDR[26]
WARNING: [Synth 8-3331] design blk_mem_gen_v8_4_4_synth has unconnected port S_AXI_AWADDR[25]
WARNING: [Synth 8-3331] design blk_mem_gen_v8_4_4_synth has unconnected port S_AXI_AWADDR[24]
WARNING: [Synth 8-3331] design blk_mem_gen_v8_4_4_synth has unconnected port S_AXI_AWADDR[23]
WARNING: [Synth 8-3331] design blk_mem_gen_v8_4_4_synth has unconnected port S_AXI_AWADDR[22]
WARNING: [Synth 8-3331] design blk_mem_gen_v8_4_4_synth has unconnected port S_AXI_AWADDR[21]
WARNING: [Synth 8-3331] design blk_mem_gen_v8_4_4_synth has unconnected port S_AXI_AWADDR[20]
WARNING: [Synth 8-3331] design blk_mem_gen_v8_4_4_synth has unconnected port S_AXI_AWADDR[19]
WARNING: [Synth 8-3331] design blk_mem_gen_v8_4_4_synth has unconnected port S_AXI_AWADDR[18]
WARNING: [Synth 8-3331] design blk_mem_gen_v8_4_4_synth has unconnected port S_AXI_AWADDR[17]
WARNING: [Synth 8-3331] design blk_mem_gen_v8_4_4_synth has unconnected port S_AXI_AWADDR[16]
WARNING: [Synth 8-3331] design blk_mem_gen_v8_4_4_synth has unconnected port S_AXI_AWADDR[15]
WARNING: [Synth 8-3331] design blk_mem_gen_v8_4_4_synth has unconnected port S_AXI_AWADDR[14]
WARNING: [Synth 8-3331] design blk_mem_gen_v8_4_4_synth has unconnected port S_AXI_AWADDR[13]
WARNING: [Synth 8-3331] design blk_mem_gen_v8_4_4_synth has unconnected port S_AXI_AWADDR[12]
WARNING: [Synth 8-3331] design blk_mem_gen_v8_4_4_synth has unconnected port S_AXI_AWADDR[11]
WARNING: [Synth 8-3331] design blk_mem_gen_v8_4_4_synth has unconnected port S_AXI_AWADDR[10]
WARNING: [Synth 8-3331] design blk_mem_gen_v8_4_4_synth has unconnected port S_AXI_AWADDR[9]
WARNING: [Synth 8-3331] design blk_mem_gen_v8_4_4_synth has unconnected port S_AXI_AWADDR[8]
WARNING: [Synth 8-3331] design blk_mem_gen_v8_4_4_synth has unconnected port S_AXI_AWADDR[7]
WARNING: [Synth 8-3331] design blk_mem_gen_v8_4_4_synth has unconnected port S_AXI_AWADDR[6]
WARNING: [Synth 8-3331] design blk_mem_gen_v8_4_4_synth has unconnected port S_AXI_AWADDR[5]
WARNING: [Synth 8-3331] design blk_mem_gen_v8_4_4_synth has unconnected port S_AXI_AWADDR[4]
WARNING: [Synth 8-3331] design blk_mem_gen_v8_4_4_synth has unconnected port S_AXI_AWADDR[3]
WARNING: [Synth 8-3331] design blk_mem_gen_v8_4_4_synth has unconnected port S_AXI_AWADDR[2]
WARNING: [Synth 8-3331] design blk_mem_gen_v8_4_4_synth has unconnected port S_AXI_AWADDR[1]
WARNING: [Synth 8-3331] design blk_mem_gen_v8_4_4_synth has unconnected port S_AXI_AWADDR[0]
WARNING: [Synth 8-3331] design blk_mem_gen_v8_4_4_synth has unconnected port S_AXI_AWLEN[7]
WARNING: [Synth 8-3331] design blk_mem_gen_v8_4_4_synth has unconnected port S_AXI_AWLEN[6]
WARNING: [Synth 8-3331] design blk_mem_gen_v8_4_4_synth has unconnected port S_AXI_AWLEN[5]
WARNING: [Synth 8-3331] design blk_mem_gen_v8_4_4_synth has unconnected port S_AXI_AWLEN[4]
WARNING: [Synth 8-3331] design blk_mem_gen_v8_4_4_synth has unconnected port S_AXI_AWLEN[3]
WARNING: [Synth 8-3331] design blk_mem_gen_v8_4_4_synth has unconnected port S_AXI_AWLEN[2]
WARNING: [Synth 8-3331] design blk_mem_gen_v8_4_4_synth has unconnected port S_AXI_AWLEN[1]
WARNING: [Synth 8-3331] design blk_mem_gen_v8_4_4_synth has unconnected port S_AXI_AWLEN[0]
WARNING: [Synth 8-3331] design blk_mem_gen_v8_4_4_synth has unconnected port S_AXI_AWSIZE[2]
WARNING: [Synth 8-3331] design blk_mem_gen_v8_4_4_synth has unconnected port S_AXI_AWSIZE[1]
WARNING: [Synth 8-3331] design blk_mem_gen_v8_4_4_synth has unconnected port S_AXI_AWSIZE[0]
WARNING: [Synth 8-3331] design blk_mem_gen_v8_4_4_synth has unconnected port S_AXI_AWBURST[1]
WARNING: [Synth 8-3331] design blk_mem_gen_v8_4_4_synth has unconnected port S_AXI_AWBURST[0]
WARNING: [Synth 8-3331] design blk_mem_gen_v8_4_4_synth has unconnected port S_AXI_AWVALID
WARNING: [Synth 8-3331] design blk_mem_gen_v8_4_4_synth has unconnected port S_AXI_WDATA[31]
WARNING: [Synth 8-3331] design blk_mem_gen_v8_4_4_synth has unconnected port S_AXI_WDATA[30]
WARNING: [Synth 8-3331] design blk_mem_gen_v8_4_4_synth has unconnected port S_AXI_WDATA[29]
WARNING: [Synth 8-3331] design blk_mem_gen_v8_4_4_synth has unconnected port S_AXI_WDATA[28]
WARNING: [Synth 8-3331] design blk_mem_gen_v8_4_4_synth has unconnected port S_AXI_WDATA[27]
WARNING: [Synth 8-3331] design blk_mem_gen_v8_4_4_synth has unconnected port S_AXI_WDATA[26]
WARNING: [Synth 8-3331] design blk_mem_gen_v8_4_4_synth has unconnected port S_AXI_WDATA[25]
WARNING: [Synth 8-3331] design blk_mem_gen_v8_4_4_synth has unconnected port S_AXI_WDATA[24]
WARNING: [Synth 8-3331] design blk_mem_gen_v8_4_4_synth has unconnected port S_AXI_WDATA[23]
WARNING: [Synth 8-3331] design blk_mem_gen_v8_4_4_synth has unconnected port S_AXI_WDATA[22]
WARNING: [Synth 8-3331] design blk_mem_gen_v8_4_4_synth has unconnected port S_AXI_WDATA[21]
WARNING: [Synth 8-3331] design blk_mem_gen_v8_4_4_synth has unconnected port S_AXI_WDATA[20]
WARNING: [Synth 8-3331] design blk_mem_gen_v8_4_4_synth has unconnected port S_AXI_WDATA[19]
WARNING: [Synth 8-3331] design blk_mem_gen_v8_4_4_synth has unconnected port S_AXI_WDATA[18]
WARNING: [Synth 8-3331] design blk_mem_gen_v8_4_4_synth has unconnected port S_AXI_WDATA[17]
WARNING: [Synth 8-3331] design blk_mem_gen_v8_4_4_synth has unconnected port S_AXI_WDATA[16]
WARNING: [Synth 8-3331] design blk_mem_gen_v8_4_4_synth has unconnected port S_AXI_WDATA[15]
INFO: [Common 17-14] Message 'Synth 8-3331' appears 100 times and further instances of the messages will be disabled. Use the Tcl command set_msg_config to change the current settings.
---------------------------------------------------------------------------------
Finished RTL Elaboration : Time (s): cpu = 00:01:07 ; elapsed = 00:01:11 . Memory (MB): peak = 1192.961 ; gain = 529.219
---------------------------------------------------------------------------------

Report Check Netlist: 
+------+------------------+-------+---------+-------+------------------+
|      |Item              |Errors |Warnings |Status |Description       |
+------+------------------+-------+---------+-------+------------------+
|1     |multi_driven_nets |      0|        0|Passed |Multi driven nets |
+------+------------------+-------+---------+-------+------------------+
---------------------------------------------------------------------------------
Start Handling Custom Attributes
---------------------------------------------------------------------------------
---------------------------------------------------------------------------------
Finished Handling Custom Attributes : Time (s): cpu = 00:01:07 ; elapsed = 00:01:12 . Memory (MB): peak = 1192.961 ; gain = 529.219
---------------------------------------------------------------------------------
---------------------------------------------------------------------------------
Finished RTL Optimization Phase 1 : Time (s): cpu = 00:01:07 ; elapsed = 00:01:12 . Memory (MB): peak = 1192.961 ; gain = 529.219
---------------------------------------------------------------------------------
Netlist sorting complete. Time (s): cpu = 00:00:00 ; elapsed = 00:00:00.030 . Memory (MB): peak = 1192.961 ; gain = 0.000
INFO: [Netlist 29-17] Analyzing 1 Unisim elements for replacement
INFO: [Netlist 29-28] Unisim Transformation completed in 0 CPU seconds
INFO: [Project 1-570] Preparing netlist for logic optimization

Processing XDC Constraints
Initializing timing engine
Parsing XDC File [d:/Vivado Install/multi_cycle_cpu/multi_cycle_cpu.srcs/sources_1/ip/data_ram/data_ram_ooc.xdc] for cell 'U0'
Finished Parsing XDC File [d:/Vivado Install/multi_cycle_cpu/multi_cycle_cpu.srcs/sources_1/ip/data_ram/data_ram_ooc.xdc] for cell 'U0'
Parsing XDC File [D:/Vivado Install/multi_cycle_cpu/multi_cycle_cpu.runs/data_ram_synth_1/dont_touch.xdc]
Finished Parsing XDC File [D:/Vivado Install/multi_cycle_cpu/multi_cycle_cpu.runs/data_ram_synth_1/dont_touch.xdc]
Completed Processing XDC Constraints

Netlist sorting complete. Time (s): cpu = 00:00:00 ; elapsed = 00:00:00 . Memory (MB): peak = 1192.961 ; gain = 0.000
INFO: [Project 1-111] Unisim Transformation Summary:
No Unisim elements were transformed.

Constraint Validation Runtime : Time (s): cpu = 00:00:00 ; elapsed = 00:00:00.089 . Memory (MB): peak = 1192.961 ; gain = 0.000
---------------------------------------------------------------------------------
Finished Constraint Validation : Time (s): cpu = 00:01:24 ; elapsed = 00:01:30 . Memory (MB): peak = 1192.961 ; gain = 529.219
---------------------------------------------------------------------------------
---------------------------------------------------------------------------------
Start Loading Part and Timing Information
---------------------------------------------------------------------------------
Loading part: xc7a200tfbg676-2
---------------------------------------------------------------------------------
Finished Loading Part and Timing Information : Time (s): cpu = 00:01:24 ; elapsed = 00:01:30 . Memory (MB): peak = 1192.961 ; gain = 529.219
---------------------------------------------------------------------------------
---------------------------------------------------------------------------------
Start Applying 'set_property' XDC Constraints
---------------------------------------------------------------------------------
Applied set_property DONT_TOUCH = true for U0. (constraint file  {D:/Vivado Install/multi_cycle_cpu/multi_cycle_cpu.runs/data_ram_synth_1/dont_touch.xdc}, line 9).
---------------------------------------------------------------------------------
Finished applying 'set_property' XDC Constraints : Time (s): cpu = 00:01:24 ; elapsed = 00:01:30 . Memory (MB): peak = 1192.961 ; gain = 529.219
---------------------------------------------------------------------------------
---------------------------------------------------------------------------------
Finished RTL Optimization Phase 2 : Time (s): cpu = 00:01:25 ; elapsed = 00:01:31 . Memory (MB): peak = 1192.961 ; gain = 529.219
---------------------------------------------------------------------------------

Report RTL Partitions: 
+-+--------------+------------+----------+
| |RTL Partition |Replication |Instances |
+-+--------------+------------+----------+
+-+--------------+------------+----------+
---------------------------------------------------------------------------------
Start RTL Component Statistics 
---------------------------------------------------------------------------------
Detailed RTL Component Info : 
---------------------------------------------------------------------------------
Finished RTL Component Statistics 
---------------------------------------------------------------------------------
---------------------------------------------------------------------------------
Start RTL Hierarchical Component Statistics 
---------------------------------------------------------------------------------
Hierarchical RTL Component report 
---------------------------------------------------------------------------------
Finished RTL Hierarchical Component Statistics
---------------------------------------------------------------------------------
---------------------------------------------------------------------------------
Start Part Resource Summary
---------------------------------------------------------------------------------
Part Resources:
DSPs: 740 (col length:100)
BRAMs: 730 (col length: RAMB18 100 RAMB36 50)
---------------------------------------------------------------------------------
Finished Part Resource Summary
---------------------------------------------------------------------------------
---------------------------------------------------------------------------------
Start Cross Boundary and Area Optimization
---------------------------------------------------------------------------------
Warning: Parallel synthesis criteria is not met 
---------------------------------------------------------------------------------
Finished Cross Boundary and Area Optimization : Time (s): cpu = 00:01:28 ; elapsed = 00:01:34 . Memory (MB): peak = 1192.961 ; gain = 529.219
---------------------------------------------------------------------------------

Report RTL Partitions: 
+-+--------------+------------+----------+
| |RTL Partition |Replication |Instances |
+-+--------------+------------+----------+
+-+--------------+------------+----------+
---------------------------------------------------------------------------------
Start Applying XDC Timing Constraints
---------------------------------------------------------------------------------
---------------------------------------------------------------------------------
Finished Applying XDC Timing Constraints : Time (s): cpu = 00:01:45 ; elapsed = 00:01:52 . Memory (MB): peak = 1192.961 ; gain = 529.219
---------------------------------------------------------------------------------
---------------------------------------------------------------------------------
Start Timing Optimization
---------------------------------------------------------------------------------
---------------------------------------------------------------------------------
Finished Timing Optimization : Time (s): cpu = 00:01:45 ; elapsed = 00:01:52 . Memory (MB): peak = 1192.961 ; gain = 529.219
---------------------------------------------------------------------------------

Report RTL Partitions: 
+-+--------------+------------+----------+
| |RTL Partition |Replication |Instances |
+-+--------------+------------+----------+
+-+--------------+------------+----------+
---------------------------------------------------------------------------------
Start Technology Mapping
---------------------------------------------------------------------------------
---------------------------------------------------------------------------------
Finished Technology Mapping : Time (s): cpu = 00:01:45 ; elapsed = 00:01:52 . Memory (MB): peak = 1192.961 ; gain = 529.219
---------------------------------------------------------------------------------

Report RTL Partitions: 
+-+--------------+------------+----------+
| |RTL Partition |Replication |Instances |
+-+--------------+------------+----------+
+-+--------------+------------+----------+
---------------------------------------------------------------------------------
Start IO Insertion
---------------------------------------------------------------------------------
---------------------------------------------------------------------------------
Start Flattening Before IO Insertion
---------------------------------------------------------------------------------
---------------------------------------------------------------------------------
Finished Flattening Before IO Insertion
---------------------------------------------------------------------------------
---------------------------------------------------------------------------------
Start Final Netlist Cleanup
---------------------------------------------------------------------------------
---------------------------------------------------------------------------------
Finished Final Netlist Cleanup
---------------------------------------------------------------------------------
---------------------------------------------------------------------------------
Finished IO Insertion : Time (s): cpu = 00:01:57 ; elapsed = 00:02:04 . Memory (MB): peak = 1192.961 ; gain = 529.219
---------------------------------------------------------------------------------
---------------------------------------------------------------------------------
Start Renaming Generated Instances
---------------------------------------------------------------------------------
---------------------------------------------------------------------------------
Finished Renaming Generated Instances : Time (s): cpu = 00:01:57 ; elapsed = 00:02:04 . Memory (MB): peak = 1192.961 ; gain = 529.219
---------------------------------------------------------------------------------

Report RTL Partitions: 
+-+--------------+------------+----------+
| |RTL Partition |Replication |Instances |
+-+--------------+------------+----------+
+-+--------------+------------+----------+

Report Check Netlist: 
+------+------------------+-------+---------+-------+------------------+
|      |Item              |Errors |Warnings |Status |Description       |
+------+------------------+-------+---------+-------+------------------+
|1     |multi_driven_nets |      0|        0|Passed |Multi driven nets |
+------+------------------+-------+---------+-------+------------------+
---------------------------------------------------------------------------------
Start Rebuilding User Hierarchy
---------------------------------------------------------------------------------
---------------------------------------------------------------------------------
Finished Rebuilding User Hierarchy : Time (s): cpu = 00:01:57 ; elapsed = 00:02:04 . Memory (MB): peak = 1192.961 ; gain = 529.219
---------------------------------------------------------------------------------
---------------------------------------------------------------------------------
Start Renaming Generated Ports
---------------------------------------------------------------------------------
---------------------------------------------------------------------------------
Finished Renaming Generated Ports : Time (s): cpu = 00:01:57 ; elapsed = 00:02:04 . Memory (MB): peak = 1192.961 ; gain = 529.219
---------------------------------------------------------------------------------
---------------------------------------------------------------------------------
Start Handling Custom Attributes
---------------------------------------------------------------------------------
---------------------------------------------------------------------------------
Finished Handling Custom Attributes : Time (s): cpu = 00:01:57 ; elapsed = 00:02:04 . Memory (MB): peak = 1192.961 ; gain = 529.219
---------------------------------------------------------------------------------
---------------------------------------------------------------------------------
Start Renaming Generated Nets
---------------------------------------------------------------------------------
---------------------------------------------------------------------------------
Finished Renaming Generated Nets : Time (s): cpu = 00:01:57 ; elapsed = 00:02:04 . Memory (MB): peak = 1192.961 ; gain = 529.219
---------------------------------------------------------------------------------
---------------------------------------------------------------------------------
Start Writing Synthesis Report
---------------------------------------------------------------------------------

Report BlackBoxes: 
+-+--------------+----------+
| |BlackBox name |Instances |
+-+--------------+----------+
+-+--------------+----------+

Report Cell Usage: 
+------+---------+------+
|      |Cell     |Count |
+------+---------+------+
|1     |RAMB36E1 |     1|
+------+---------+------+

Report Instance Areas: 
+------+---------------------------------------------+-------------------------+------+
|      |Instance                                     |Module                   |Cells |
+------+---------------------------------------------+-------------------------+------+
|1     |top                                          |                         |     1|
|2     |  U0                                         |blk_mem_gen_v8_4_4       |     1|
|3     |    inst_blk_mem_gen                         |blk_mem_gen_v8_4_4_synth |     1|
|4     |      \gnbram.gnativebmg.native_blk_mem_gen  |blk_mem_gen_top          |     1|
|5     |        \valid.cstr                          |blk_mem_gen_generic_cstr |     1|
|6     |          \ramloop[0].ram.r                  |blk_mem_gen_prim_width   |     1|
|7     |            \prim_noinit.ram                 |blk_mem_gen_prim_wrapper |     1|
+------+---------------------------------------------+-------------------------+------+
---------------------------------------------------------------------------------
Finished Writing Synthesis Report : Time (s): cpu = 00:01:57 ; elapsed = 00:02:04 . Memory (MB): peak = 1192.961 ; gain = 529.219
---------------------------------------------------------------------------------
Synthesis finished with 0 errors, 0 critical warnings and 156 warnings.
Synthesis Optimization Runtime : Time (s): cpu = 00:00:44 ; elapsed = 00:01:58 . Memory (MB): peak = 1192.961 ; gain = 529.219
Synthesis Optimization Complete : Time (s): cpu = 00:01:58 ; elapsed = 00:02:05 . Memory (MB): peak = 1192.961 ; gain = 529.219
INFO: [Project 1-571] Translating synthesized netlist
Netlist sorting complete. Time (s): cpu = 00:00:00 ; elapsed = 00:00:00.022 . Memory (MB): peak = 1192.961 ; gain = 0.000
INFO: [Netlist 29-17] Analyzing 1 Unisim elements for replacement
INFO: [Netlist 29-28] Unisim Transformation completed in 0 CPU seconds
INFO: [Project 1-570] Preparing netlist for logic optimization
INFO: [Opt 31-138] Pushed 0 inverter(s) to 0 load pin(s).
Netlist sorting complete. Time (s): cpu = 00:00:00 ; elapsed = 00:00:00 . Memory (MB): peak = 1192.961 ; gain = 0.000
INFO: [Project 1-111] Unisim Transformation Summary:
No Unisim elements were transformed.

INFO: [Common 17-83] Releasing license: Synthesis
17 Infos, 100 Warnings, 0 Critical Warnings and 0 Errors encountered.
synth_design completed successfully
synth_design: Time (s): cpu = 00:02:09 ; elapsed = 00:02:19 . Memory (MB): peak = 1192.961 ; gain = 854.203
Netlist sorting complete. Time (s): cpu = 00:00:00 ; elapsed = 00:00:00 . Memory (MB): peak = 1192.961 ; gain = 0.000
WARNING: [Constraints 18-5210] No constraints selected for write.
Resolution: This message can indicate that there are no constraints for the design, or it can indicate that the used_in flags are set such that the constraints are ignored. This later case is used when running synth_design to not write synthesis constraints to the resulting checkpoint. Instead, project constraints are read when the synthesized design is opened.
INFO: [Common 17-1381] The checkpoint 'D:/Vivado Install/multi_cycle_cpu/multi_cycle_cpu.runs/data_ram_synth_1/data_ram.dcp' has been generated.
WARNING: [Common 17-576] 'use_project_ipc' is deprecated. This option is deprecated and no longer used.
INFO: [Coretcl 2-1648] Added synthesis output to IP cache for IP data_ram, cache-ID = 5e29fe973aea697d
INFO: [Coretcl 2-1174] Renamed 6 cell refs.
Netlist sorting complete. Time (s): cpu = 00:00:00 ; elapsed = 00:00:00 . Memory (MB): peak = 1192.961 ; gain = 0.000
WARNING: [Constraints 18-5210] No constraints selected for write.
Resolution: This message can indicate that there are no constraints for the design, or it can indicate that the used_in flags are set such that the constraints are ignored. This later case is used when running synth_design to not write synthesis constraints to the resulting checkpoint. Instead, project constraints are read when the synthesized design is opened.
INFO: [Common 17-1381] The checkpoint 'D:/Vivado Install/multi_cycle_cpu/multi_cycle_cpu.runs/data_ram_synth_1/data_ram.dcp' has been generated.
INFO: [runtcl-4] Executing : report_utilization -file data_ram_utilization_synth.rpt -pb data_ram_utilization_synth.pb
INFO: [Common 17-206] Exiting Vivado at Mon Aug 22 18:18:07 2022...
